2017-03-12 05:13:24 Notice: Notice (8): Undefined variable: entity in [/var/www/goolutu.com/public_html/src/Template/Admin/Shops/add.ctp, line 7]
Request URL: /admin/Shops/add
Referer URL: http://128.199.115.16/admin/Shops
Client IP: 116.109.246.23
Trace:
Cake\Error\BaseErrorHandler::handleError() - CORE/src/Error/BaseErrorHandler.php, line 153
include - APP/Template/Admin/Shops/add.ctp, line 7
Cake\View\View::_evaluate() - CORE/src/View/View.php, line 1010
Cake\View\View::_render() - CORE/src/View/View.php, line 971
Cake\View\View::render() - CORE/src/View/View.php, line 595
Cake\Controller\Controller::render() - CORE/src/Controller/Controller.php, line 623
Cake\Http\ActionDispatcher::_invoke() - CORE/src/Http/ActionDispatcher.php, line 125
Cake\Http\ActionDispatcher::dispatch() - CORE/src/Http/ActionDispatcher.php, line 93
Cake\Http\BaseApplication::__invoke() - CORE/src/Http/BaseApplication.php, line 78
Cake\Http\Runner::__invoke() - CORE/src/Http/Runner.php, line 65
Cake\Routing\Middleware\RoutingMiddleware::__invoke() - CORE/src/Routing/Middleware/RoutingMiddleware.php, line 59
Cake\Http\Runner::__invoke() - CORE/src/Http/Runner.php, line 65
Cake\Routing\Middleware\AssetMiddleware::__invoke() - CORE/src/Routing/Middleware/AssetMiddleware.php, line 88
Cake\Http\Runner::__invoke() - CORE/src/Http/Runner.php, line 65
Cake\Error\Middleware\ErrorHandlerMiddleware::__invoke() - CORE/src/Error/Middleware/ErrorHandlerMiddleware.php, line 93
Cake\Http\Runner::__invoke() - CORE/src/Http/Runner.php, line 65
Cake\Http\Runner::run() - CORE/src/Http/Runner.php, line 51
Cake\Http\Server::run() - CORE/src/Http/Server.php, line 82
[main] - ROOT/webroot/index.php, line 41



2017-03-12 05:14:13 Notice: Notice (8): Undefined variable: entity in [/var/www/goolutu.com/public_html/src/Template/Admin/Shops/add.ctp, line 7]
Request URL: /admin/Shops/add
Referer URL: http://128.199.115.16/admin/Shops/index
Client IP: 116.109.246.23
Trace:
Cake\Error\BaseErrorHandler::handleError() - CORE/src/Error/BaseErrorHandler.php, line 153
include - APP/Template/Admin/Shops/add.ctp, line 7
Cake\View\View::_evaluate() - CORE/src/View/View.php, line 1010
Cake\View\View::_render() - CORE/src/View/View.php, line 971
Cake\View\View::render() - CORE/src/View/View.php, line 595
Cake\Controller\Controller::render() - CORE/src/Controller/Controller.php, line 623
Cake\Http\ActionDispatcher::_invoke() - CORE/src/Http/ActionDispatcher.php, line 125
Cake\Http\ActionDispatcher::dispatch() - CORE/src/Http/ActionDispatcher.php, line 93
Cake\Http\BaseApplication::__invoke() - CORE/src/Http/BaseApplication.php, line 78
Cake\Http\Runner::__invoke() - CORE/src/Http/Runner.php, line 65
Cake\Routing\Middleware\RoutingMiddleware::__invoke() - CORE/src/Routing/Middleware/RoutingMiddleware.php, line 59
Cake\Http\Runner::__invoke() - CORE/src/Http/Runner.php, line 65
Cake\Routing\Middleware\AssetMiddleware::__invoke() - CORE/src/Routing/Middleware/AssetMiddleware.php, line 88
Cake\Http\Runner::__invoke() - CORE/src/Http/Runner.php, line 65
Cake\Error\Middleware\ErrorHandlerMiddleware::__invoke() - CORE/src/Error/Middleware/ErrorHandlerMiddleware.php, line 93
Cake\Http\Runner::__invoke() - CORE/src/Http/Runner.php, line 65
Cake\Http\Runner::run() - CORE/src/Http/Runner.php, line 51
Cake\Http\Server::run() - CORE/src/Http/Server.php, line 82
[main] - ROOT/webroot/index.php, line 41



2017-03-12 05:32:41 Notice: Notice (8): Undefined variable: entity in [/var/www/goolutu.com/public_html/src/Template/Admin/Shops/add.ctp, line 7]
Request URL: /admin/Shops/add
Referer URL: http://128.199.115.16/admin/Shops?frob=72157679634283540-d6f322c5b7d588f2-148081503
Client IP: 116.109.246.23
Trace:
Cake\Error\BaseErrorHandler::handleError() - CORE/src/Error/BaseErrorHandler.php, line 153
include - APP/Template/Admin/Shops/add.ctp, line 7
Cake\View\View::_evaluate() - CORE/src/View/View.php, line 1010
Cake\View\View::_render() - CORE/src/View/View.php, line 971
Cake\View\View::render() - CORE/src/View/View.php, line 595
Cake\Controller\Controller::render() - CORE/src/Controller/Controller.php, line 623
Cake\Http\ActionDispatcher::_invoke() - CORE/src/Http/ActionDispatcher.php, line 125
Cake\Http\ActionDispatcher::dispatch() - CORE/src/Http/ActionDispatcher.php, line 93
Cake\Http\BaseApplication::__invoke() - CORE/src/Http/BaseApplication.php, line 78
Cake\Http\Runner::__invoke() - CORE/src/Http/Runner.php, line 65
Cake\Routing\Middleware\RoutingMiddleware::__invoke() - CORE/src/Routing/Middleware/RoutingMiddleware.php, line 59
Cake\Http\Runner::__invoke() - CORE/src/Http/Runner.php, line 65
Cake\Routing\Middleware\AssetMiddleware::__invoke() - CORE/src/Routing/Middleware/AssetMiddleware.php, line 88
Cake\Http\Runner::__invoke() - CORE/src/Http/Runner.php, line 65
Cake\Error\Middleware\ErrorHandlerMiddleware::__invoke() - CORE/src/Error/Middleware/ErrorHandlerMiddleware.php, line 93
Cake\Http\Runner::__invoke() - CORE/src/Http/Runner.php, line 65
Cake\Http\Runner::run() - CORE/src/Http/Runner.php, line 51
Cake\Http\Server::run() - CORE/src/Http/Server.php, line 82
[main] - ROOT/webroot/index.php, line 41



2017-03-12 05:33:00 Notice: Notice (8): Undefined variable: entity in [/var/www/goolutu.com/public_html/src/Template/Admin/Shops/add.ctp, line 7]
Request URL: /admin/Shops/add
Client IP: 116.109.246.23
Trace:
Cake\Error\BaseErrorHandler::handleError() - CORE/src/Error/BaseErrorHandler.php, line 153
include - APP/Template/Admin/Shops/add.ctp, line 7
Cake\View\View::_evaluate() - CORE/src/View/View.php, line 1010
Cake\View\View::_render() - CORE/src/View/View.php, line 971
Cake\View\View::render() - CORE/src/View/View.php, line 595
Cake\Controller\Controller::render() - CORE/src/Controller/Controller.php, line 623
Cake\Http\ActionDispatcher::_invoke() - CORE/src/Http/ActionDispatcher.php, line 125
Cake\Http\ActionDispatcher::dispatch() - CORE/src/Http/ActionDispatcher.php, line 93
Cake\Http\BaseApplication::__invoke() - CORE/src/Http/BaseApplication.php, line 78
Cake\Http\Runner::__invoke() - CORE/src/Http/Runner.php, line 65
Cake\Routing\Middleware\RoutingMiddleware::__invoke() - CORE/src/Routing/Middleware/RoutingMiddleware.php, line 59
Cake\Http\Runner::__invoke() - CORE/src/Http/Runner.php, line 65
Cake\Routing\Middleware\AssetMiddleware::__invoke() - CORE/src/Routing/Middleware/AssetMiddleware.php, line 88
Cake\Http\Runner::__invoke() - CORE/src/Http/Runner.php, line 65
Cake\Error\Middleware\ErrorHandlerMiddleware::__invoke() - CORE/src/Error/Middleware/ErrorHandlerMiddleware.php, line 93
Cake\Http\Runner::__invoke() - CORE/src/Http/Runner.php, line 65
Cake\Http\Runner::run() - CORE/src/Http/Runner.php, line 51
Cake\Http\Server::run() - CORE/src/Http/Server.php, line 82
[main] - ROOT/webroot/index.php, line 41



2017-03-12 05:33:27 Notice: Notice (8): Undefined variable: entity in [/var/www/goolutu.com/public_html/src/Template/Admin/Shops/add.ctp, line 7]
Request URL: /admin/Shops/add
Client IP: 116.109.246.23
Trace:
Cake\Error\BaseErrorHandler::handleError() - CORE/src/Error/BaseErrorHandler.php, line 153
include - APP/Template/Admin/Shops/add.ctp, line 7
Cake\View\View::_evaluate() - CORE/src/View/View.php, line 1010
Cake\View\View::_render() - CORE/src/View/View.php, line 971
Cake\View\View::render() - CORE/src/View/View.php, line 595
Cake\Controller\Controller::render() - CORE/src/Controller/Controller.php, line 623
Cake\Http\ActionDispatcher::_invoke() - CORE/src/Http/ActionDispatcher.php, line 125
Cake\Http\ActionDispatcher::dispatch() - CORE/src/Http/ActionDispatcher.php, line 93
Cake\Http\BaseApplication::__invoke() - CORE/src/Http/BaseApplication.php, line 78
Cake\Http\Runner::__invoke() - CORE/src/Http/Runner.php, line 65
Cake\Routing\Middleware\RoutingMiddleware::__invoke() - CORE/src/Routing/Middleware/RoutingMiddleware.php, line 59
Cake\Http\Runner::__invoke() - CORE/src/Http/Runner.php, line 65
Cake\Routing\Middleware\AssetMiddleware::__invoke() - CORE/src/Routing/Middleware/AssetMiddleware.php, line 88
Cake\Http\Runner::__invoke() - CORE/src/Http/Runner.php, line 65
Cake\Error\Middleware\ErrorHandlerMiddleware::__invoke() - CORE/src/Error/Middleware/ErrorHandlerMiddleware.php, line 93
Cake\Http\Runner::__invoke() - CORE/src/Http/Runner.php, line 65
Cake\Http\Runner::run() - CORE/src/Http/Runner.php, line 51
Cake\Http\Server::run() - CORE/src/Http/Server.php, line 82
[main] - ROOT/webroot/index.php, line 41



2017-03-12 05:33:47 Notice: Notice (8): Undefined variable: entity in [/var/www/goolutu.com/public_html/src/Template/Admin/Shops/add.ctp, line 7]
Request URL: /admin/Shops/add
Referer URL: http://128.199.115.16/admin/Shops/add
Client IP: 116.109.246.23
Trace:
Cake\Error\BaseErrorHandler::handleError() - CORE/src/Error/BaseErrorHandler.php, line 153
include - APP/Template/Admin/Shops/add.ctp, line 7
Cake\View\View::_evaluate() - CORE/src/View/View.php, line 1010
Cake\View\View::_render() - CORE/src/View/View.php, line 971
Cake\View\View::render() - CORE/src/View/View.php, line 595
Cake\Controller\Controller::render() - CORE/src/Controller/Controller.php, line 623
Cake\Http\ActionDispatcher::_invoke() - CORE/src/Http/ActionDispatcher.php, line 125
Cake\Http\ActionDispatcher::dispatch() - CORE/src/Http/ActionDispatcher.php, line 93
Cake\Http\BaseApplication::__invoke() - CORE/src/Http/BaseApplication.php, line 78
Cake\Http\Runner::__invoke() - CORE/src/Http/Runner.php, line 65
Cake\Routing\Middleware\RoutingMiddleware::__invoke() - CORE/src/Routing/Middleware/RoutingMiddleware.php, line 59
Cake\Http\Runner::__invoke() - CORE/src/Http/Runner.php, line 65
Cake\Routing\Middleware\AssetMiddleware::__invoke() - CORE/src/Routing/Middleware/AssetMiddleware.php, line 88
Cake\Http\Runner::__invoke() - CORE/src/Http/Runner.php, line 65
Cake\Error\Middleware\ErrorHandlerMiddleware::__invoke() - CORE/src/Error/Middleware/ErrorHandlerMiddleware.php, line 93
Cake\Http\Runner::__invoke() - CORE/src/Http/Runner.php, line 65
Cake\Http\Runner::run() - CORE/src/Http/Runner.php, line 51
Cake\Http\Server::run() - CORE/src/Http/Server.php, line 82
[main] - ROOT/webroot/index.php, line 41



2017-03-12 10:52:04 Notice: Notice (8): Undefined index: frob in [/var/www/goolutu.com/public_html/src/Controller/Admin/ShopsController.php, line 66]
Request URL: /admin/Shops/add
Referer URL: http://128.199.115.16/admin/Shops/add
Client IP: 116.109.246.23
Trace:
Cake\Error\BaseErrorHandler::handleError() - CORE/src/Error/BaseErrorHandler.php, line 153
App\Controller\Admin\ShopsController::add() - APP/Controller/Admin/ShopsController.php, line 66
Cake\Controller\Controller::invokeAction() - CORE/src/Controller/Controller.php, line 440
Cake\Http\ActionDispatcher::_invoke() - CORE/src/Http/ActionDispatcher.php, line 119
Cake\Http\ActionDispatcher::dispatch() - CORE/src/Http/ActionDispatcher.php, line 93
Cake\Http\BaseApplication::__invoke() - CORE/src/Http/BaseApplication.php, line 78
Cake\Http\Runner::__invoke() - CORE/src/Http/Runner.php, line 65
Cake\Routing\Middleware\RoutingMiddleware::__invoke() - CORE/src/Routing/Middleware/RoutingMiddleware.php, line 59
Cake\Http\Runner::__invoke() - CORE/src/Http/Runner.php, line 65
Cake\Routing\Middleware\AssetMiddleware::__invoke() - CORE/src/Routing/Middleware/AssetMiddleware.php, line 88
Cake\Http\Runner::__invoke() - CORE/src/Http/Runner.php, line 65
Cake\Error\Middleware\ErrorHandlerMiddleware::__invoke() - CORE/src/Error/Middleware/ErrorHandlerMiddleware.php, line 93
Cake\Http\Runner::__invoke() - CORE/src/Http/Runner.php, line 65
Cake\Http\Runner::run() - CORE/src/Http/Runner.php, line 51
Cake\Http\Server::run() - CORE/src/Http/Server.php, line 82
[main] - ROOT/webroot/index.php, line 41



2017-03-12 10:57:41 Notice: Notice (8): Undefined variable: token in [/var/www/goolutu.com/public_html/src/Controller/Admin/ShopsController.php, line 65]
Request URL: /admin/Shops/add
Referer URL: http://128.199.115.16/admin/Shops/add
Client IP: 116.109.246.23
Trace:
Cake\Error\BaseErrorHandler::handleError() - CORE/src/Error/BaseErrorHandler.php, line 153
App\Controller\Admin\ShopsController::add() - APP/Controller/Admin/ShopsController.php, line 65
Cake\Controller\Controller::invokeAction() - CORE/src/Controller/Controller.php, line 440
Cake\Http\ActionDispatcher::_invoke() - CORE/src/Http/ActionDispatcher.php, line 119
Cake\Http\ActionDispatcher::dispatch() - CORE/src/Http/ActionDispatcher.php, line 93
Cake\Http\BaseApplication::__invoke() - CORE/src/Http/BaseApplication.php, line 78
Cake\Http\Runner::__invoke() - CORE/src/Http/Runner.php, line 65
Cake\Routing\Middleware\RoutingMiddleware::__invoke() - CORE/src/Routing/Middleware/RoutingMiddleware.php, line 59
Cake\Http\Runner::__invoke() - CORE/src/Http/Runner.php, line 65
Cake\Routing\Middleware\AssetMiddleware::__invoke() - CORE/src/Routing/Middleware/AssetMiddleware.php, line 88
Cake\Http\Runner::__invoke() - CORE/src/Http/Runner.php, line 65
Cake\Error\Middleware\ErrorHandlerMiddleware::__invoke() - CORE/src/Error/Middleware/ErrorHandlerMiddleware.php, line 93
Cake\Http\Runner::__invoke() - CORE/src/Http/Runner.php, line 65
Cake\Http\Runner::run() - CORE/src/Http/Runner.php, line 51
Cake\Http\Server::run() - CORE/src/Http/Server.php, line 82
[main] - ROOT/webroot/index.php, line 41



2017-03-12 14:50:04 Notice: Notice (8): Undefined variable: die_on_error in [/var/www/goolutu.com/public_html/src/Controller/Admin/ShopsController.php, line 61]
Request URL: /admin/Shops/add
Referer URL: http://128.199.115.16/admin/Shops/add
Client IP: 116.109.246.23
Trace:
Cake\Error\BaseErrorHandler::handleError() - CORE/src/Error/BaseErrorHandler.php, line 153
App\Controller\Admin\ShopsController::add() - APP/Controller/Admin/ShopsController.php, line 61
Cake\Controller\Controller::invokeAction() - CORE/src/Controller/Controller.php, line 440
Cake\Http\ActionDispatcher::_invoke() - CORE/src/Http/ActionDispatcher.php, line 119
Cake\Http\ActionDispatcher::dispatch() - CORE/src/Http/ActionDispatcher.php, line 93
Cake\Http\BaseApplication::__invoke() - CORE/src/Http/BaseApplication.php, line 78
Cake\Http\Runner::__invoke() - CORE/src/Http/Runner.php, line 65
Cake\Routing\Middleware\RoutingMiddleware::__invoke() - CORE/src/Routing/Middleware/RoutingMiddleware.php, line 59
Cake\Http\Runner::__invoke() - CORE/src/Http/Runner.php, line 65
Cake\Routing\Middleware\AssetMiddleware::__invoke() - CORE/src/Routing/Middleware/AssetMiddleware.php, line 88
Cake\Http\Runner::__invoke() - CORE/src/Http/Runner.php, line 65
Cake\Error\Middleware\ErrorHandlerMiddleware::__invoke() - CORE/src/Error/Middleware/ErrorHandlerMiddleware.php, line 93
Cake\Http\Runner::__invoke() - CORE/src/Http/Runner.php, line 65
Cake\Http\Runner::run() - CORE/src/Http/Runner.php, line 51
Cake\Http\Server::run() - CORE/src/Http/Server.php, line 82
[main] - ROOT/webroot/index.php, line 41



2017-03-13 08:54:08 Notice: Notice (8): Undefined variable: article in [/var/www/goolutu.com/public_html/src/Controller/Admin/ShopsController.php, line 59]
Request URL: /admin/Shops/add
Referer URL: http://128.199.115.16/admin/Shops/add
Client IP: 113.185.22.150
Trace:
Cake\Error\BaseErrorHandler::handleError() - CORE/src/Error/BaseErrorHandler.php, line 153
App\Controller\Admin\ShopsController::add() - APP/Controller/Admin/ShopsController.php, line 59
Cake\Controller\Controller::invokeAction() - CORE/src/Controller/Controller.php, line 440
Cake\Http\ActionDispatcher::_invoke() - CORE/src/Http/ActionDispatcher.php, line 119
Cake\Http\ActionDispatcher::dispatch() - CORE/src/Http/ActionDispatcher.php, line 93
Cake\Http\BaseApplication::__invoke() - CORE/src/Http/BaseApplication.php, line 78
Cake\Http\Runner::__invoke() - CORE/src/Http/Runner.php, line 65
Cake\Routing\Middleware\RoutingMiddleware::__invoke() - CORE/src/Routing/Middleware/RoutingMiddleware.php, line 59
Cake\Http\Runner::__invoke() - CORE/src/Http/Runner.php, line 65
Cake\Routing\Middleware\AssetMiddleware::__invoke() - CORE/src/Routing/Middleware/AssetMiddleware.php, line 88
Cake\Http\Runner::__invoke() - CORE/src/Http/Runner.php, line 65
Cake\Error\Middleware\ErrorHandlerMiddleware::__invoke() - CORE/src/Error/Middleware/ErrorHandlerMiddleware.php, line 93
Cake\Http\Runner::__invoke() - CORE/src/Http/Runner.php, line 65
Cake\Http\Runner::run() - CORE/src/Http/Runner.php, line 51
Cake\Http\Server::run() - CORE/src/Http/Server.php, line 82
[main] - ROOT/webroot/index.php, line 41



2017-03-13 08:54:26 Notice: Notice (8): Undefined variable: photoid in [/var/www/goolutu.com/public_html/vendor/phpflickr/flickr_api.php, line 35]
Request URL: /admin/Shops/add
Referer URL: http://128.199.115.16/admin/Shops/add
Client IP: 113.185.22.150
Trace:
Cake\Error\BaseErrorHandler::handleError() - CORE/src/Error/BaseErrorHandler.php, line 153
upload_flickr - ROOT/vendor/phpflickr/flickr_api.php, line 35
App\Controller\Admin\ShopsController::add() - APP/Controller/Admin/ShopsController.php, line 60
Cake\Controller\Controller::invokeAction() - CORE/src/Controller/Controller.php, line 440
Cake\Http\ActionDispatcher::_invoke() - CORE/src/Http/ActionDispatcher.php, line 119
Cake\Http\ActionDispatcher::dispatch() - CORE/src/Http/ActionDispatcher.php, line 93
Cake\Http\BaseApplication::__invoke() - CORE/src/Http/BaseApplication.php, line 78
Cake\Http\Runner::__invoke() - CORE/src/Http/Runner.php, line 65
Cake\Routing\Middleware\RoutingMiddleware::__invoke() - CORE/src/Routing/Middleware/RoutingMiddleware.php, line 59
Cake\Http\Runner::__invoke() - CORE/src/Http/Runner.php, line 65
Cake\Routing\Middleware\AssetMiddleware::__invoke() - CORE/src/Routing/Middleware/AssetMiddleware.php, line 88
Cake\Http\Runner::__invoke() - CORE/src/Http/Runner.php, line 65
Cake\Error\Middleware\ErrorHandlerMiddleware::__invoke() - CORE/src/Error/Middleware/ErrorHandlerMiddleware.php, line 93
Cake\Http\Runner::__invoke() - CORE/src/Http/Runner.php, line 65
Cake\Http\Runner::run() - CORE/src/Http/Runner.php, line 51
Cake\Http\Server::run() - CORE/src/Http/Server.php, line 82
[main] - ROOT/webroot/index.php, line 41



2017-03-13 09:40:40 Notice: Notice (8): Undefined index: img in [/var/www/goolutu.com/public_html/src/Controller/Admin/ShopsController.php, line 99]
Request URL: /admin/Shops/edit/9
Referer URL: http://128.199.115.16/admin/Shops/edit/9
Client IP: 113.185.22.242
Trace:
Cake\Error\BaseErrorHandler::handleError() - CORE/src/Error/BaseErrorHandler.php, line 153
App\Controller\Admin\ShopsController::edit() - APP/Controller/Admin/ShopsController.php, line 99
Cake\Controller\Controller::invokeAction() - CORE/src/Controller/Controller.php, line 440
Cake\Http\ActionDispatcher::_invoke() - CORE/src/Http/ActionDispatcher.php, line 119
Cake\Http\ActionDispatcher::dispatch() - CORE/src/Http/ActionDispatcher.php, line 93
Cake\Http\BaseApplication::__invoke() - CORE/src/Http/BaseApplication.php, line 78
Cake\Http\Runner::__invoke() - CORE/src/Http/Runner.php, line 65
Cake\Routing\Middleware\RoutingMiddleware::__invoke() - CORE/src/Routing/Middleware/RoutingMiddleware.php, line 59
Cake\Http\Runner::__invoke() - CORE/src/Http/Runner.php, line 65
Cake\Routing\Middleware\AssetMiddleware::__invoke() - CORE/src/Routing/Middleware/AssetMiddleware.php, line 88
Cake\Http\Runner::__invoke() - CORE/src/Http/Runner.php, line 65
Cake\Error\Middleware\ErrorHandlerMiddleware::__invoke() - CORE/src/Error/Middleware/ErrorHandlerMiddleware.php, line 93
Cake\Http\Runner::__invoke() - CORE/src/Http/Runner.php, line 65
Cake\Http\Runner::run() - CORE/src/Http/Runner.php, line 51
Cake\Http\Server::run() - CORE/src/Http/Server.php, line 82
[main] - ROOT/webroot/index.php, line 41



2017-03-13 10:16:20 Notice: Notice (8): Undefined index: img in [/var/www/goolutu.com/public_html/src/Controller/Admin/ShopsController.php, line 99]
Request URL: /admin/Shops/edit/10
Referer URL: http://128.199.115.16/admin/Shops/edit/10
Client IP: 113.185.22.242
Trace:
Cake\Error\BaseErrorHandler::handleError() - CORE/src/Error/BaseErrorHandler.php, line 153
App\Controller\Admin\ShopsController::edit() - APP/Controller/Admin/ShopsController.php, line 99
Cake\Controller\Controller::invokeAction() - CORE/src/Controller/Controller.php, line 440
Cake\Http\ActionDispatcher::_invoke() - CORE/src/Http/ActionDispatcher.php, line 119
Cake\Http\ActionDispatcher::dispatch() - CORE/src/Http/ActionDispatcher.php, line 93
Cake\Http\BaseApplication::__invoke() - CORE/src/Http/BaseApplication.php, line 78
Cake\Http\Runner::__invoke() - CORE/src/Http/Runner.php, line 65
Cake\Routing\Middleware\RoutingMiddleware::__invoke() - CORE/src/Routing/Middleware/RoutingMiddleware.php, line 59
Cake\Http\Runner::__invoke() - CORE/src/Http/Runner.php, line 65
Cake\Routing\Middleware\AssetMiddleware::__invoke() - CORE/src/Routing/Middleware/AssetMiddleware.php, line 88
Cake\Http\Runner::__invoke() - CORE/src/Http/Runner.php, line 65
Cake\Error\Middleware\ErrorHandlerMiddleware::__invoke() - CORE/src/Error/Middleware/ErrorHandlerMiddleware.php, line 93
Cake\Http\Runner::__invoke() - CORE/src/Http/Runner.php, line 65
Cake\Http\Runner::run() - CORE/src/Http/Runner.php, line 51
Cake\Http\Server::run() - CORE/src/Http/Server.php, line 82
[main] - ROOT/webroot/index.php, line 41



2017-03-13 15:48:48 Notice: Notice (8): Uninitialized string offset: 0 in [/var/www/goolutu.com/public_html/vendor/cakephp/cakephp/src/View/Helper/UrlHelper.php, line 152]
Request URL: /admin/Shops/edit/14
Referer URL: http://128.199.115.16/admin/Shops
Client IP: 116.109.246.23
Trace:
Cake\Error\BaseErrorHandler::handleError() - CORE/src/Error/BaseErrorHandler.php, line 153
Cake\View\Helper\UrlHelper::assetUrl() - CORE/src/View/Helper/UrlHelper.php, line 152
Cake\View\Helper\UrlHelper::image() - CORE/src/View/Helper/UrlHelper.php, line 80
Cake\View\Helper\HtmlHelper::image() - CORE/src/View/Helper/HtmlHelper.php, line 836
include - APP/Template/Admin/Shops/edit.ctp, line 23
Cake\View\View::_evaluate() - CORE/src/View/View.php, line 1010
Cake\View\View::_render() - CORE/src/View/View.php, line 971
Cake\View\View::render() - CORE/src/View/View.php, line 595
Cake\Controller\Controller::render() - CORE/src/Controller/Controller.php, line 623
Cake\Http\ActionDispatcher::_invoke() - CORE/src/Http/ActionDispatcher.php, line 125
Cake\Http\ActionDispatcher::dispatch() - CORE/src/Http/ActionDispatcher.php, line 93
Cake\Http\BaseApplication::__invoke() - CORE/src/Http/BaseApplication.php, line 78
Cake\Http\Runner::__invoke() - CORE/src/Http/Runner.php, line 65
Cake\Routing\Middleware\RoutingMiddleware::__invoke() - CORE/src/Routing/Middleware/RoutingMiddleware.php, line 59
Cake\Http\Runner::__invoke() - CORE/src/Http/Runner.php, line 65
Cake\Routing\Middleware\AssetMiddleware::__invoke() - CORE/src/Routing/Middleware/AssetMiddleware.php, line 88
Cake\Http\Runner::__invoke() - CORE/src/Http/Runner.php, line 65
Cake\Error\Middleware\ErrorHandlerMiddleware::__invoke() - CORE/src/Error/Middleware/ErrorHandlerMiddleware.php, line 93
Cake\Http\Runner::__invoke() - CORE/src/Http/Runner.php, line 65
Cake\Http\Runner::run() - CORE/src/Http/Runner.php, line 51
Cake\Http\Server::run() - CORE/src/Http/Server.php, line 82
[main] - ROOT/webroot/index.php, line 41



2017-03-13 16:12:14 Notice: Notice (8): Undefined variable: photosize in [/var/www/goolutu.com/public_html/vendor/phpflickr/flickr_api.php, line 53]
Request URL: /admin/Shops/edit/21
Referer URL: http://128.199.115.16/admin/Shops/edit/21
Client IP: 116.109.246.23
Trace:
Cake\Error\BaseErrorHandler::handleError() - CORE/src/Error/BaseErrorHandler.php, line 153
replace_flickr - ROOT/vendor/phpflickr/flickr_api.php, line 53
App\Controller\Admin\ShopsController::edit() - APP/Controller/Admin/ShopsController.php, line 99
Cake\Controller\Controller::invokeAction() - CORE/src/Controller/Controller.php, line 440
Cake\Http\ActionDispatcher::_invoke() - CORE/src/Http/ActionDispatcher.php, line 119
Cake\Http\ActionDispatcher::dispatch() - CORE/src/Http/ActionDispatcher.php, line 93
Cake\Http\BaseApplication::__invoke() - CORE/src/Http/BaseApplication.php, line 78
Cake\Http\Runner::__invoke() - CORE/src/Http/Runner.php, line 65
Cake\Routing\Middleware\RoutingMiddleware::__invoke() - CORE/src/Routing/Middleware/RoutingMiddleware.php, line 59
Cake\Http\Runner::__invoke() - CORE/src/Http/Runner.php, line 65
Cake\Routing\Middleware\AssetMiddleware::__invoke() - CORE/src/Routing/Middleware/AssetMiddleware.php, line 88
Cake\Http\Runner::__invoke() - CORE/src/Http/Runner.php, line 65
Cake\Error\Middleware\ErrorHandlerMiddleware::__invoke() - CORE/src/Error/Middleware/ErrorHandlerMiddleware.php, line 93
Cake\Http\Runner::__invoke() - CORE/src/Http/Runner.php, line 65
Cake\Http\Runner::run() - CORE/src/Http/Runner.php, line 51
Cake\Http\Server::run() - CORE/src/Http/Server.php, line 82
[main] - ROOT/webroot/index.php, line 41



2017-03-15 12:12:57 Notice: Notice (8): Array to string conversion in [/var/www/goolutu.com/public_html/vendor/cakephp/cakephp/src/Database/Statement/PDOStatement.php, line 71]
Request URL: /admin/Shops/edit/25
Referer URL: http://128.199.115.16/admin/Shops/edit/25
Client IP: 116.109.246.23
Trace:
Cake\Error\BaseErrorHandler::handleError() - CORE/src/Error/BaseErrorHandler.php, line 153
PDOStatement::bindValue() - [internal], line ??
Cake\Database\Statement\PDOStatement::bindValue() - CORE/src/Database/Statement/PDOStatement.php, line 71
Cake\Database\Statement\StatementDecorator::bindValue() - CORE/src/Database/Statement/StatementDecorator.php, line 107
Cake\Database\Log\LoggingStatement::bindValue() - CORE/src/Database/Log/LoggingStatement.php, line 98
Cake\Database\ValueBinder::attachTo() - CORE/src/Database/ValueBinder.php, line 147
Cake\Database\Connection::run() - CORE/src/Database/Connection.php, line 303
Cake\Database\Query::execute() - CORE/src/Database/Query.php, line 213
Cake\ORM\Table::_update() - CORE/src/ORM/Table.php, line 1988
Cake\ORM\Table::_processSave() - CORE/src/ORM/Table.php, line 1814
Cake\ORM\Table::Cake\ORM\{closure}() - CORE/src/ORM/Table.php, line 1725
Cake\ORM\Table::Cake\ORM\{closure}() - CORE/src/ORM/Table.php, line 1448
Cake\Database\Connection::transactional() - CORE/src/Database/Connection.php, line 654
Cake\ORM\Table::_executeTransaction() - CORE/src/ORM/Table.php, line 1449
Cake\ORM\Table::save() - CORE/src/ORM/Table.php, line 1726
App\Controller\Admin\ShopsController::edit() - APP/Controller/Admin/ShopsController.php, line 107
Cake\Controller\Controller::invokeAction() - CORE/src/Controller/Controller.php, line 440
Cake\Http\ActionDispatcher::_invoke() - CORE/src/Http/ActionDispatcher.php, line 119
Cake\Http\ActionDispatcher::dispatch() - CORE/src/Http/ActionDispatcher.php, line 93
Cake\Http\BaseApplication::__invoke() - CORE/src/Http/BaseApplication.php, line 78
Cake\Http\Runner::__invoke() - CORE/src/Http/Runner.php, line 65
Cake\Routing\Middleware\RoutingMiddleware::__invoke() - CORE/src/Routing/Middleware/RoutingMiddleware.php, line 59
Cake\Http\Runner::__invoke() - CORE/src/Http/Runner.php, line 65
Cake\Routing\Middleware\AssetMiddleware::__invoke() - CORE/src/Routing/Middleware/AssetMiddleware.php, line 88
Cake\Http\Runner::__invoke() - CORE/src/Http/Runner.php, line 65
Cake\Error\Middleware\ErrorHandlerMiddleware::__invoke() - CORE/src/Error/Middleware/ErrorHandlerMiddleware.php, line 93
Cake\Http\Runner::__invoke() - CORE/src/Http/Runner.php, line 65
Cake\Http\Runner::run() - CORE/src/Http/Runner.php, line 51
Cake\Http\Server::run() - CORE/src/Http/Server.php, line 82
[main] - ROOT/webroot/index.php, line 41



2017-03-15 12:12:57 Notice: Notice (8): Array to string conversion in [/var/www/goolutu.com/public_html/vendor/cakephp/cakephp/src/Database/Log/QueryLogger.php, line 92]
Request URL: /admin/Shops/edit/25
Referer URL: http://128.199.115.16/admin/Shops/edit/25
Client IP: 116.109.246.23
Trace:
Cake\Error\BaseErrorHandler::handleError() - CORE/src/Error/BaseErrorHandler.php, line 153
preg_replace - [internal], line ??
Cake\Database\Log\QueryLogger::_interpolate() - CORE/src/Database/Log/QueryLogger.php, line 92
DebugKit\Database\Log\DebugLog::log() - ROOT/vendor/cakephp/debug_kit/src/Database/Log/DebugLog.php, line 133
Cake\Database\Log\LoggingStatement::_log() - CORE/src/Database/Log/LoggingStatement.php, line 84
Cake\Database\Log\LoggingStatement::execute() - CORE/src/Database/Log/LoggingStatement.php, line 65
Cake\Database\Connection::run() - CORE/src/Database/Connection.php, line 304
Cake\Database\Query::execute() - CORE/src/Database/Query.php, line 213
Cake\ORM\Table::_update() - CORE/src/ORM/Table.php, line 1988
Cake\ORM\Table::_processSave() - CORE/src/ORM/Table.php, line 1814
Cake\ORM\Table::Cake\ORM\{closure}() - CORE/src/ORM/Table.php, line 1725
Cake\ORM\Table::Cake\ORM\{closure}() - CORE/src/ORM/Table.php, line 1448
Cake\Database\Connection::transactional() - CORE/src/Database/Connection.php, line 654
Cake\ORM\Table::_executeTransaction() - CORE/src/ORM/Table.php, line 1449
Cake\ORM\Table::save() - CORE/src/ORM/Table.php, line 1726
App\Controller\Admin\ShopsController::edit() - APP/Controller/Admin/ShopsController.php, line 107
Cake\Controller\Controller::invokeAction() - CORE/src/Controller/Controller.php, line 440
Cake\Http\ActionDispatcher::_invoke() - CORE/src/Http/ActionDispatcher.php, line 119
Cake\Http\ActionDispatcher::dispatch() - CORE/src/Http/ActionDispatcher.php, line 93
Cake\Http\BaseApplication::__invoke() - CORE/src/Http/BaseApplication.php, line 78
Cake\Http\Runner::__invoke() - CORE/src/Http/Runner.php, line 65
Cake\Routing\Middleware\RoutingMiddleware::__invoke() - CORE/src/Routing/Middleware/RoutingMiddleware.php, line 59
Cake\Http\Runner::__invoke() - CORE/src/Http/Runner.php, line 65
Cake\Routing\Middleware\AssetMiddleware::__invoke() - CORE/src/Routing/Middleware/AssetMiddleware.php, line 88
Cake\Http\Runner::__invoke() - CORE/src/Http/Runner.php, line 65
Cake\Error\Middleware\ErrorHandlerMiddleware::__invoke() - CORE/src/Error/Middleware/ErrorHandlerMiddleware.php, line 93
Cake\Http\Runner::__invoke() - CORE/src/Http/Runner.php, line 65
Cake\Http\Runner::run() - CORE/src/Http/Runner.php, line 51
Cake\Http\Server::run() - CORE/src/Http/Server.php, line 82
[main] - ROOT/webroot/index.php, line 41



2017-03-15 12:15:24 Notice: Notice (8): Array to string conversion in [/var/www/goolutu.com/public_html/vendor/cakephp/cakephp/src/Database/Statement/PDOStatement.php, line 71]
Request URL: /admin/Shops/edit/25
Referer URL: http://128.199.115.16/admin/Shops/edit/25
Client IP: 116.109.246.23
Trace:
Cake\Error\BaseErrorHandler::handleError() - CORE/src/Error/BaseErrorHandler.php, line 153
PDOStatement::bindValue() - [internal], line ??
Cake\Database\Statement\PDOStatement::bindValue() - CORE/src/Database/Statement/PDOStatement.php, line 71
Cake\Database\Statement\StatementDecorator::bindValue() - CORE/src/Database/Statement/StatementDecorator.php, line 107
Cake\Database\Log\LoggingStatement::bindValue() - CORE/src/Database/Log/LoggingStatement.php, line 98
Cake\Database\ValueBinder::attachTo() - CORE/src/Database/ValueBinder.php, line 147
Cake\Database\Connection::run() - CORE/src/Database/Connection.php, line 303
Cake\Database\Query::execute() - CORE/src/Database/Query.php, line 213
Cake\ORM\Table::_update() - CORE/src/ORM/Table.php, line 1988
Cake\ORM\Table::_processSave() - CORE/src/ORM/Table.php, line 1814
Cake\ORM\Table::Cake\ORM\{closure}() - CORE/src/ORM/Table.php, line 1725
Cake\ORM\Table::Cake\ORM\{closure}() - CORE/src/ORM/Table.php, line 1448
Cake\Database\Connection::transactional() - CORE/src/Database/Connection.php, line 654
Cake\ORM\Table::_executeTransaction() - CORE/src/ORM/Table.php, line 1449
Cake\ORM\Table::save() - CORE/src/ORM/Table.php, line 1726
App\Controller\Admin\ShopsController::edit() - APP/Controller/Admin/ShopsController.php, line 107
Cake\Controller\Controller::invokeAction() - CORE/src/Controller/Controller.php, line 440
Cake\Http\ActionDispatcher::_invoke() - CORE/src/Http/ActionDispatcher.php, line 119
Cake\Http\ActionDispatcher::dispatch() - CORE/src/Http/ActionDispatcher.php, line 93
Cake\Http\BaseApplication::__invoke() - CORE/src/Http/BaseApplication.php, line 78
Cake\Http\Runner::__invoke() - CORE/src/Http/Runner.php, line 65
Cake\Routing\Middleware\RoutingMiddleware::__invoke() - CORE/src/Routing/Middleware/RoutingMiddleware.php, line 59
Cake\Http\Runner::__invoke() - CORE/src/Http/Runner.php, line 65
Cake\Routing\Middleware\AssetMiddleware::__invoke() - CORE/src/Routing/Middleware/AssetMiddleware.php, line 88
Cake\Http\Runner::__invoke() - CORE/src/Http/Runner.php, line 65
Cake\Error\Middleware\ErrorHandlerMiddleware::__invoke() - CORE/src/Error/Middleware/ErrorHandlerMiddleware.php, line 93
Cake\Http\Runner::__invoke() - CORE/src/Http/Runner.php, line 65
Cake\Http\Runner::run() - CORE/src/Http/Runner.php, line 51
Cake\Http\Server::run() - CORE/src/Http/Server.php, line 82
[main] - ROOT/webroot/index.php, line 41



2017-03-15 12:15:24 Notice: Notice (8): Array to string conversion in [/var/www/goolutu.com/public_html/vendor/cakephp/cakephp/src/Database/Log/QueryLogger.php, line 92]
Request URL: /admin/Shops/edit/25
Referer URL: http://128.199.115.16/admin/Shops/edit/25
Client IP: 116.109.246.23
Trace:
Cake\Error\BaseErrorHandler::handleError() - CORE/src/Error/BaseErrorHandler.php, line 153
preg_replace - [internal], line ??
Cake\Database\Log\QueryLogger::_interpolate() - CORE/src/Database/Log/QueryLogger.php, line 92
DebugKit\Database\Log\DebugLog::log() - ROOT/vendor/cakephp/debug_kit/src/Database/Log/DebugLog.php, line 133
Cake\Database\Log\LoggingStatement::_log() - CORE/src/Database/Log/LoggingStatement.php, line 84
Cake\Database\Log\LoggingStatement::execute() - CORE/src/Database/Log/LoggingStatement.php, line 65
Cake\Database\Connection::run() - CORE/src/Database/Connection.php, line 304
Cake\Database\Query::execute() - CORE/src/Database/Query.php, line 213
Cake\ORM\Table::_update() - CORE/src/ORM/Table.php, line 1988
Cake\ORM\Table::_processSave() - CORE/src/ORM/Table.php, line 1814
Cake\ORM\Table::Cake\ORM\{closure}() - CORE/src/ORM/Table.php, line 1725
Cake\ORM\Table::Cake\ORM\{closure}() - CORE/src/ORM/Table.php, line 1448
Cake\Database\Connection::transactional() - CORE/src/Database/Connection.php, line 654
Cake\ORM\Table::_executeTransaction() - CORE/src/ORM/Table.php, line 1449
Cake\ORM\Table::save() - CORE/src/ORM/Table.php, line 1726
App\Controller\Admin\ShopsController::edit() - APP/Controller/Admin/ShopsController.php, line 107
Cake\Controller\Controller::invokeAction() - CORE/src/Controller/Controller.php, line 440
Cake\Http\ActionDispatcher::_invoke() - CORE/src/Http/ActionDispatcher.php, line 119
Cake\Http\ActionDispatcher::dispatch() - CORE/src/Http/ActionDispatcher.php, line 93
Cake\Http\BaseApplication::__invoke() - CORE/src/Http/BaseApplication.php, line 78
Cake\Http\Runner::__invoke() - CORE/src/Http/Runner.php, line 65
Cake\Routing\Middleware\RoutingMiddleware::__invoke() - CORE/src/Routing/Middleware/RoutingMiddleware.php, line 59
Cake\Http\Runner::__invoke() - CORE/src/Http/Runner.php, line 65
Cake\Routing\Middleware\AssetMiddleware::__invoke() - CORE/src/Routing/Middleware/AssetMiddleware.php, line 88
Cake\Http\Runner::__invoke() - CORE/src/Http/Runner.php, line 65
Cake\Error\Middleware\ErrorHandlerMiddleware::__invoke() - CORE/src/Error/Middleware/ErrorHandlerMiddleware.php, line 93
Cake\Http\Runner::__invoke() - CORE/src/Http/Runner.php, line 65
Cake\Http\Runner::run() - CORE/src/Http/Runner.php, line 51
Cake\Http\Server::run() - CORE/src/Http/Server.php, line 82
[main] - ROOT/webroot/index.php, line 41



2017-03-15 12:19:56 Notice: Notice (8): Array to string conversion in [/var/www/goolutu.com/public_html/vendor/cakephp/cakephp/src/Database/Statement/PDOStatement.php, line 71]
Request URL: /admin/Shops/edit/25
Referer URL: http://128.199.115.16/admin/Shops/edit/25
Client IP: 116.109.246.23
Trace:
Cake\Error\BaseErrorHandler::handleError() - CORE/src/Error/BaseErrorHandler.php, line 153
PDOStatement::bindValue() - [internal], line ??
Cake\Database\Statement\PDOStatement::bindValue() - CORE/src/Database/Statement/PDOStatement.php, line 71
Cake\Database\Statement\StatementDecorator::bindValue() - CORE/src/Database/Statement/StatementDecorator.php, line 107
Cake\Database\Log\LoggingStatement::bindValue() - CORE/src/Database/Log/LoggingStatement.php, line 98
Cake\Database\ValueBinder::attachTo() - CORE/src/Database/ValueBinder.php, line 147
Cake\Database\Connection::run() - CORE/src/Database/Connection.php, line 303
Cake\Database\Query::execute() - CORE/src/Database/Query.php, line 213
Cake\ORM\Table::_update() - CORE/src/ORM/Table.php, line 1988
Cake\ORM\Table::_processSave() - CORE/src/ORM/Table.php, line 1814
Cake\ORM\Table::Cake\ORM\{closure}() - CORE/src/ORM/Table.php, line 1725
Cake\ORM\Table::Cake\ORM\{closure}() - CORE/src/ORM/Table.php, line 1448
Cake\Database\Connection::transactional() - CORE/src/Database/Connection.php, line 654
Cake\ORM\Table::_executeTransaction() - CORE/src/ORM/Table.php, line 1449
Cake\ORM\Table::save() - CORE/src/ORM/Table.php, line 1726
App\Controller\Admin\ShopsController::edit() - APP/Controller/Admin/ShopsController.php, line 107
Cake\Controller\Controller::invokeAction() - CORE/src/Controller/Controller.php, line 440
Cake\Http\ActionDispatcher::_invoke() - CORE/src/Http/ActionDispatcher.php, line 119
Cake\Http\ActionDispatcher::dispatch() - CORE/src/Http/ActionDispatcher.php, line 93
Cake\Http\BaseApplication::__invoke() - CORE/src/Http/BaseApplication.php, line 78
Cake\Http\Runner::__invoke() - CORE/src/Http/Runner.php, line 65
Cake\Routing\Middleware\RoutingMiddleware::__invoke() - CORE/src/Routing/Middleware/RoutingMiddleware.php, line 59
Cake\Http\Runner::__invoke() - CORE/src/Http/Runner.php, line 65
Cake\Routing\Middleware\AssetMiddleware::__invoke() - CORE/src/Routing/Middleware/AssetMiddleware.php, line 88
Cake\Http\Runner::__invoke() - CORE/src/Http/Runner.php, line 65
Cake\Error\Middleware\ErrorHandlerMiddleware::__invoke() - CORE/src/Error/Middleware/ErrorHandlerMiddleware.php, line 93
Cake\Http\Runner::__invoke() - CORE/src/Http/Runner.php, line 65
Cake\Http\Runner::run() - CORE/src/Http/Runner.php, line 51
Cake\Http\Server::run() - CORE/src/Http/Server.php, line 82
[main] - ROOT/webroot/index.php, line 41



2017-03-15 12:19:56 Notice: Notice (8): Array to string conversion in [/var/www/goolutu.com/public_html/vendor/cakephp/cakephp/src/Database/Log/QueryLogger.php, line 92]
Request URL: /admin/Shops/edit/25
Referer URL: http://128.199.115.16/admin/Shops/edit/25
Client IP: 116.109.246.23
Trace:
Cake\Error\BaseErrorHandler::handleError() - CORE/src/Error/BaseErrorHandler.php, line 153
preg_replace - [internal], line ??
Cake\Database\Log\QueryLogger::_interpolate() - CORE/src/Database/Log/QueryLogger.php, line 92
DebugKit\Database\Log\DebugLog::log() - ROOT/vendor/cakephp/debug_kit/src/Database/Log/DebugLog.php, line 133
Cake\Database\Log\LoggingStatement::_log() - CORE/src/Database/Log/LoggingStatement.php, line 84
Cake\Database\Log\LoggingStatement::execute() - CORE/src/Database/Log/LoggingStatement.php, line 65
Cake\Database\Connection::run() - CORE/src/Database/Connection.php, line 304
Cake\Database\Query::execute() - CORE/src/Database/Query.php, line 213
Cake\ORM\Table::_update() - CORE/src/ORM/Table.php, line 1988
Cake\ORM\Table::_processSave() - CORE/src/ORM/Table.php, line 1814
Cake\ORM\Table::Cake\ORM\{closure}() - CORE/src/ORM/Table.php, line 1725
Cake\ORM\Table::Cake\ORM\{closure}() - CORE/src/ORM/Table.php, line 1448
Cake\Database\Connection::transactional() - CORE/src/Database/Connection.php, line 654
Cake\ORM\Table::_executeTransaction() - CORE/src/ORM/Table.php, line 1449
Cake\ORM\Table::save() - CORE/src/ORM/Table.php, line 1726
App\Controller\Admin\ShopsController::edit() - APP/Controller/Admin/ShopsController.php, line 107
Cake\Controller\Controller::invokeAction() - CORE/src/Controller/Controller.php, line 440
Cake\Http\ActionDispatcher::_invoke() - CORE/src/Http/ActionDispatcher.php, line 119
Cake\Http\ActionDispatcher::dispatch() - CORE/src/Http/ActionDispatcher.php, line 93
Cake\Http\BaseApplication::__invoke() - CORE/src/Http/BaseApplication.php, line 78
Cake\Http\Runner::__invoke() - CORE/src/Http/Runner.php, line 65
Cake\Routing\Middleware\RoutingMiddleware::__invoke() - CORE/src/Routing/Middleware/RoutingMiddleware.php, line 59
Cake\Http\Runner::__invoke() - CORE/src/Http/Runner.php, line 65
Cake\Routing\Middleware\AssetMiddleware::__invoke() - CORE/src/Routing/Middleware/AssetMiddleware.php, line 88
Cake\Http\Runner::__invoke() - CORE/src/Http/Runner.php, line 65
Cake\Error\Middleware\ErrorHandlerMiddleware::__invoke() - CORE/src/Error/Middleware/ErrorHandlerMiddleware.php, line 93
Cake\Http\Runner::__invoke() - CORE/src/Http/Runner.php, line 65
Cake\Http\Runner::run() - CORE/src/Http/Runner.php, line 51
Cake\Http\Server::run() - CORE/src/Http/Server.php, line 82
[main] - ROOT/webroot/index.php, line 41



2017-03-15 12:21:20 Notice: Notice (8): Array to string conversion in [/var/www/goolutu.com/public_html/vendor/cakephp/cakephp/src/Database/Statement/PDOStatement.php, line 71]
Request URL: /admin/Shops/edit/25
Referer URL: http://128.199.115.16/admin/Shops/edit/25
Client IP: 116.109.246.23
Trace:
Cake\Error\BaseErrorHandler::handleError() - CORE/src/Error/BaseErrorHandler.php, line 153
PDOStatement::bindValue() - [internal], line ??
Cake\Database\Statement\PDOStatement::bindValue() - CORE/src/Database/Statement/PDOStatement.php, line 71
Cake\Database\Statement\StatementDecorator::bindValue() - CORE/src/Database/Statement/StatementDecorator.php, line 107
Cake\Database\Log\LoggingStatement::bindValue() - CORE/src/Database/Log/LoggingStatement.php, line 98
Cake\Database\ValueBinder::attachTo() - CORE/src/Database/ValueBinder.php, line 147
Cake\Database\Connection::run() - CORE/src/Database/Connection.php, line 303
Cake\Database\Query::execute() - CORE/src/Database/Query.php, line 213
Cake\ORM\Table::_update() - CORE/src/ORM/Table.php, line 1988
Cake\ORM\Table::_processSave() - CORE/src/ORM/Table.php, line 1814
Cake\ORM\Table::Cake\ORM\{closure}() - CORE/src/ORM/Table.php, line 1725
Cake\ORM\Table::Cake\ORM\{closure}() - CORE/src/ORM/Table.php, line 1448
Cake\Database\Connection::transactional() - CORE/src/Database/Connection.php, line 654
Cake\ORM\Table::_executeTransaction() - CORE/src/ORM/Table.php, line 1449
Cake\ORM\Table::save() - CORE/src/ORM/Table.php, line 1726
App\Controller\Admin\ShopsController::edit() - APP/Controller/Admin/ShopsController.php, line 107
Cake\Controller\Controller::invokeAction() - CORE/src/Controller/Controller.php, line 440
Cake\Http\ActionDispatcher::_invoke() - CORE/src/Http/ActionDispatcher.php, line 119
Cake\Http\ActionDispatcher::dispatch() - CORE/src/Http/ActionDispatcher.php, line 93
Cake\Http\BaseApplication::__invoke() - CORE/src/Http/BaseApplication.php, line 78
Cake\Http\Runner::__invoke() - CORE/src/Http/Runner.php, line 65
Cake\Routing\Middleware\RoutingMiddleware::__invoke() - CORE/src/Routing/Middleware/RoutingMiddleware.php, line 59
Cake\Http\Runner::__invoke() - CORE/src/Http/Runner.php, line 65
Cake\Routing\Middleware\AssetMiddleware::__invoke() - CORE/src/Routing/Middleware/AssetMiddleware.php, line 88
Cake\Http\Runner::__invoke() - CORE/src/Http/Runner.php, line 65
Cake\Error\Middleware\ErrorHandlerMiddleware::__invoke() - CORE/src/Error/Middleware/ErrorHandlerMiddleware.php, line 93
Cake\Http\Runner::__invoke() - CORE/src/Http/Runner.php, line 65
Cake\Http\Runner::run() - CORE/src/Http/Runner.php, line 51
Cake\Http\Server::run() - CORE/src/Http/Server.php, line 82
[main] - ROOT/webroot/index.php, line 41



2017-03-15 12:21:20 Notice: Notice (8): Array to string conversion in [/var/www/goolutu.com/public_html/vendor/cakephp/cakephp/src/Database/Log/QueryLogger.php, line 92]
Request URL: /admin/Shops/edit/25
Referer URL: http://128.199.115.16/admin/Shops/edit/25
Client IP: 116.109.246.23
Trace:
Cake\Error\BaseErrorHandler::handleError() - CORE/src/Error/BaseErrorHandler.php, line 153
preg_replace - [internal], line ??
Cake\Database\Log\QueryLogger::_interpolate() - CORE/src/Database/Log/QueryLogger.php, line 92
DebugKit\Database\Log\DebugLog::log() - ROOT/vendor/cakephp/debug_kit/src/Database/Log/DebugLog.php, line 133
Cake\Database\Log\LoggingStatement::_log() - CORE/src/Database/Log/LoggingStatement.php, line 84
Cake\Database\Log\LoggingStatement::execute() - CORE/src/Database/Log/LoggingStatement.php, line 65
Cake\Database\Connection::run() - CORE/src/Database/Connection.php, line 304
Cake\Database\Query::execute() - CORE/src/Database/Query.php, line 213
Cake\ORM\Table::_update() - CORE/src/ORM/Table.php, line 1988
Cake\ORM\Table::_processSave() - CORE/src/ORM/Table.php, line 1814
Cake\ORM\Table::Cake\ORM\{closure}() - CORE/src/ORM/Table.php, line 1725
Cake\ORM\Table::Cake\ORM\{closure}() - CORE/src/ORM/Table.php, line 1448
Cake\Database\Connection::transactional() - CORE/src/Database/Connection.php, line 654
Cake\ORM\Table::_executeTransaction() - CORE/src/ORM/Table.php, line 1449
Cake\ORM\Table::save() - CORE/src/ORM/Table.php, line 1726
App\Controller\Admin\ShopsController::edit() - APP/Controller/Admin/ShopsController.php, line 107
Cake\Controller\Controller::invokeAction() - CORE/src/Controller/Controller.php, line 440
Cake\Http\ActionDispatcher::_invoke() - CORE/src/Http/ActionDispatcher.php, line 119
Cake\Http\ActionDispatcher::dispatch() - CORE/src/Http/ActionDispatcher.php, line 93
Cake\Http\BaseApplication::__invoke() - CORE/src/Http/BaseApplication.php, line 78
Cake\Http\Runner::__invoke() - CORE/src/Http/Runner.php, line 65
Cake\Routing\Middleware\RoutingMiddleware::__invoke() - CORE/src/Routing/Middleware/RoutingMiddleware.php, line 59
Cake\Http\Runner::__invoke() - CORE/src/Http/Runner.php, line 65
Cake\Routing\Middleware\AssetMiddleware::__invoke() - CORE/src/Routing/Middleware/AssetMiddleware.php, line 88
Cake\Http\Runner::__invoke() - CORE/src/Http/Runner.php, line 65
Cake\Error\Middleware\ErrorHandlerMiddleware::__invoke() - CORE/src/Error/Middleware/ErrorHandlerMiddleware.php, line 93
Cake\Http\Runner::__invoke() - CORE/src/Http/Runner.php, line 65
Cake\Http\Runner::run() - CORE/src/Http/Runner.php, line 51
Cake\Http\Server::run() - CORE/src/Http/Server.php, line 82
[main] - ROOT/webroot/index.php, line 41



2017-03-15 13:53:00 Notice: Notice (8): Array to string conversion in [/var/www/goolutu.com/public_html/vendor/cakephp/cakephp/src/Database/Statement/PDOStatement.php, line 71]
Request URL: /admin/Shops/edit/25
Referer URL: http://128.199.115.16/admin/Shops/edit/25
Client IP: 116.109.246.23
Trace:
Cake\Error\BaseErrorHandler::handleError() - CORE/src/Error/BaseErrorHandler.php, line 153
PDOStatement::bindValue() - [internal], line ??
Cake\Database\Statement\PDOStatement::bindValue() - CORE/src/Database/Statement/PDOStatement.php, line 71
Cake\Database\Statement\StatementDecorator::bindValue() - CORE/src/Database/Statement/StatementDecorator.php, line 107
Cake\Database\Log\LoggingStatement::bindValue() - CORE/src/Database/Log/LoggingStatement.php, line 98
Cake\Database\ValueBinder::attachTo() - CORE/src/Database/ValueBinder.php, line 147
Cake\Database\Connection::run() - CORE/src/Database/Connection.php, line 303
Cake\Database\Query::execute() - CORE/src/Database/Query.php, line 213
Cake\ORM\Table::_update() - CORE/src/ORM/Table.php, line 1988
Cake\ORM\Table::_processSave() - CORE/src/ORM/Table.php, line 1814
Cake\ORM\Table::Cake\ORM\{closure}() - CORE/src/ORM/Table.php, line 1725
Cake\ORM\Table::Cake\ORM\{closure}() - CORE/src/ORM/Table.php, line 1448
Cake\Database\Connection::transactional() - CORE/src/Database/Connection.php, line 654
Cake\ORM\Table::_executeTransaction() - CORE/src/ORM/Table.php, line 1449
Cake\ORM\Table::save() - CORE/src/ORM/Table.php, line 1726
App\Controller\Admin\ShopsController::edit() - APP/Controller/Admin/ShopsController.php, line 107
Cake\Controller\Controller::invokeAction() - CORE/src/Controller/Controller.php, line 440
Cake\Http\ActionDispatcher::_invoke() - CORE/src/Http/ActionDispatcher.php, line 119
Cake\Http\ActionDispatcher::dispatch() - CORE/src/Http/ActionDispatcher.php, line 93
Cake\Http\BaseApplication::__invoke() - CORE/src/Http/BaseApplication.php, line 78
Cake\Http\Runner::__invoke() - CORE/src/Http/Runner.php, line 65
Cake\Routing\Middleware\RoutingMiddleware::__invoke() - CORE/src/Routing/Middleware/RoutingMiddleware.php, line 59
Cake\Http\Runner::__invoke() - CORE/src/Http/Runner.php, line 65
Cake\Routing\Middleware\AssetMiddleware::__invoke() - CORE/src/Routing/Middleware/AssetMiddleware.php, line 88
Cake\Http\Runner::__invoke() - CORE/src/Http/Runner.php, line 65
Cake\Error\Middleware\ErrorHandlerMiddleware::__invoke() - CORE/src/Error/Middleware/ErrorHandlerMiddleware.php, line 93
Cake\Http\Runner::__invoke() - CORE/src/Http/Runner.php, line 65
Cake\Http\Runner::run() - CORE/src/Http/Runner.php, line 51
Cake\Http\Server::run() - CORE/src/Http/Server.php, line 82
[main] - ROOT/webroot/index.php, line 41



2017-03-15 13:53:00 Notice: Notice (8): Array to string conversion in [/var/www/goolutu.com/public_html/vendor/cakephp/cakephp/src/Database/Log/QueryLogger.php, line 92]
Request URL: /admin/Shops/edit/25
Referer URL: http://128.199.115.16/admin/Shops/edit/25
Client IP: 116.109.246.23
Trace:
Cake\Error\BaseErrorHandler::handleError() - CORE/src/Error/BaseErrorHandler.php, line 153
preg_replace - [internal], line ??
Cake\Database\Log\QueryLogger::_interpolate() - CORE/src/Database/Log/QueryLogger.php, line 92
DebugKit\Database\Log\DebugLog::log() - ROOT/vendor/cakephp/debug_kit/src/Database/Log/DebugLog.php, line 133
Cake\Database\Log\LoggingStatement::_log() - CORE/src/Database/Log/LoggingStatement.php, line 84
Cake\Database\Log\LoggingStatement::execute() - CORE/src/Database/Log/LoggingStatement.php, line 65
Cake\Database\Connection::run() - CORE/src/Database/Connection.php, line 304
Cake\Database\Query::execute() - CORE/src/Database/Query.php, line 213
Cake\ORM\Table::_update() - CORE/src/ORM/Table.php, line 1988
Cake\ORM\Table::_processSave() - CORE/src/ORM/Table.php, line 1814
Cake\ORM\Table::Cake\ORM\{closure}() - CORE/src/ORM/Table.php, line 1725
Cake\ORM\Table::Cake\ORM\{closure}() - CORE/src/ORM/Table.php, line 1448
Cake\Database\Connection::transactional() - CORE/src/Database/Connection.php, line 654
Cake\ORM\Table::_executeTransaction() - CORE/src/ORM/Table.php, line 1449
Cake\ORM\Table::save() - CORE/src/ORM/Table.php, line 1726
App\Controller\Admin\ShopsController::edit() - APP/Controller/Admin/ShopsController.php, line 107
Cake\Controller\Controller::invokeAction() - CORE/src/Controller/Controller.php, line 440
Cake\Http\ActionDispatcher::_invoke() - CORE/src/Http/ActionDispatcher.php, line 119
Cake\Http\ActionDispatcher::dispatch() - CORE/src/Http/ActionDispatcher.php, line 93
Cake\Http\BaseApplication::__invoke() - CORE/src/Http/BaseApplication.php, line 78
Cake\Http\Runner::__invoke() - CORE/src/Http/Runner.php, line 65
Cake\Routing\Middleware\RoutingMiddleware::__invoke() - CORE/src/Routing/Middleware/RoutingMiddleware.php, line 59
Cake\Http\Runner::__invoke() - CORE/src/Http/Runner.php, line 65
Cake\Routing\Middleware\AssetMiddleware::__invoke() - CORE/src/Routing/Middleware/AssetMiddleware.php, line 88
Cake\Http\Runner::__invoke() - CORE/src/Http/Runner.php, line 65
Cake\Error\Middleware\ErrorHandlerMiddleware::__invoke() - CORE/src/Error/Middleware/ErrorHandlerMiddleware.php, line 93
Cake\Http\Runner::__invoke() - CORE/src/Http/Runner.php, line 65
Cake\Http\Runner::run() - CORE/src/Http/Runner.php, line 51
Cake\Http\Server::run() - CORE/src/Http/Server.php, line 82
[main] - ROOT/webroot/index.php, line 41



2017-03-15 13:55:25 Notice: Notice (8): Array to string conversion in [/var/www/goolutu.com/public_html/vendor/cakephp/cakephp/src/Database/Statement/PDOStatement.php, line 71]
Request URL: /admin/Shops/edit/25
Referer URL: http://128.199.115.16/admin/Shops/edit/25
Client IP: 116.109.246.23
Trace:
Cake\Error\BaseErrorHandler::handleError() - CORE/src/Error/BaseErrorHandler.php, line 153
PDOStatement::bindValue() - [internal], line ??
Cake\Database\Statement\PDOStatement::bindValue() - CORE/src/Database/Statement/PDOStatement.php, line 71
Cake\Database\Statement\StatementDecorator::bindValue() - CORE/src/Database/Statement/StatementDecorator.php, line 107
Cake\Database\Log\LoggingStatement::bindValue() - CORE/src/Database/Log/LoggingStatement.php, line 98
Cake\Database\ValueBinder::attachTo() - CORE/src/Database/ValueBinder.php, line 147
Cake\Database\Connection::run() - CORE/src/Database/Connection.php, line 303
Cake\Database\Query::execute() - CORE/src/Database/Query.php, line 213
Cake\ORM\Table::_update() - CORE/src/ORM/Table.php, line 1988
Cake\ORM\Table::_processSave() - CORE/src/ORM/Table.php, line 1814
Cake\ORM\Table::Cake\ORM\{closure}() - CORE/src/ORM/Table.php, line 1725
Cake\ORM\Table::Cake\ORM\{closure}() - CORE/src/ORM/Table.php, line 1448
Cake\Database\Connection::transactional() - CORE/src/Database/Connection.php, line 654
Cake\ORM\Table::_executeTransaction() - CORE/src/ORM/Table.php, line 1449
Cake\ORM\Table::save() - CORE/src/ORM/Table.php, line 1726
App\Controller\Admin\ShopsController::edit() - APP/Controller/Admin/ShopsController.php, line 107
Cake\Controller\Controller::invokeAction() - CORE/src/Controller/Controller.php, line 440
Cake\Http\ActionDispatcher::_invoke() - CORE/src/Http/ActionDispatcher.php, line 119
Cake\Http\ActionDispatcher::dispatch() - CORE/src/Http/ActionDispatcher.php, line 93
Cake\Http\BaseApplication::__invoke() - CORE/src/Http/BaseApplication.php, line 78
Cake\Http\Runner::__invoke() - CORE/src/Http/Runner.php, line 65
Cake\Routing\Middleware\RoutingMiddleware::__invoke() - CORE/src/Routing/Middleware/RoutingMiddleware.php, line 59
Cake\Http\Runner::__invoke() - CORE/src/Http/Runner.php, line 65
Cake\Routing\Middleware\AssetMiddleware::__invoke() - CORE/src/Routing/Middleware/AssetMiddleware.php, line 88
Cake\Http\Runner::__invoke() - CORE/src/Http/Runner.php, line 65
Cake\Error\Middleware\ErrorHandlerMiddleware::__invoke() - CORE/src/Error/Middleware/ErrorHandlerMiddleware.php, line 93
Cake\Http\Runner::__invoke() - CORE/src/Http/Runner.php, line 65
Cake\Http\Runner::run() - CORE/src/Http/Runner.php, line 51
Cake\Http\Server::run() - CORE/src/Http/Server.php, line 82
[main] - ROOT/webroot/index.php, line 41



2017-03-15 13:55:25 Notice: Notice (8): Array to string conversion in [/var/www/goolutu.com/public_html/vendor/cakephp/cakephp/src/Database/Log/QueryLogger.php, line 92]
Request URL: /admin/Shops/edit/25
Referer URL: http://128.199.115.16/admin/Shops/edit/25
Client IP: 116.109.246.23
Trace:
Cake\Error\BaseErrorHandler::handleError() - CORE/src/Error/BaseErrorHandler.php, line 153
preg_replace - [internal], line ??
Cake\Database\Log\QueryLogger::_interpolate() - CORE/src/Database/Log/QueryLogger.php, line 92
DebugKit\Database\Log\DebugLog::log() - ROOT/vendor/cakephp/debug_kit/src/Database/Log/DebugLog.php, line 133
Cake\Database\Log\LoggingStatement::_log() - CORE/src/Database/Log/LoggingStatement.php, line 84
Cake\Database\Log\LoggingStatement::execute() - CORE/src/Database/Log/LoggingStatement.php, line 65
Cake\Database\Connection::run() - CORE/src/Database/Connection.php, line 304
Cake\Database\Query::execute() - CORE/src/Database/Query.php, line 213
Cake\ORM\Table::_update() - CORE/src/ORM/Table.php, line 1988
Cake\ORM\Table::_processSave() - CORE/src/ORM/Table.php, line 1814
Cake\ORM\Table::Cake\ORM\{closure}() - CORE/src/ORM/Table.php, line 1725
Cake\ORM\Table::Cake\ORM\{closure}() - CORE/src/ORM/Table.php, line 1448
Cake\Database\Connection::transactional() - CORE/src/Database/Connection.php, line 654
Cake\ORM\Table::_executeTransaction() - CORE/src/ORM/Table.php, line 1449
Cake\ORM\Table::save() - CORE/src/ORM/Table.php, line 1726
App\Controller\Admin\ShopsController::edit() - APP/Controller/Admin/ShopsController.php, line 107
Cake\Controller\Controller::invokeAction() - CORE/src/Controller/Controller.php, line 440
Cake\Http\ActionDispatcher::_invoke() - CORE/src/Http/ActionDispatcher.php, line 119
Cake\Http\ActionDispatcher::dispatch() - CORE/src/Http/ActionDispatcher.php, line 93
Cake\Http\BaseApplication::__invoke() - CORE/src/Http/BaseApplication.php, line 78
Cake\Http\Runner::__invoke() - CORE/src/Http/Runner.php, line 65
Cake\Routing\Middleware\RoutingMiddleware::__invoke() - CORE/src/Routing/Middleware/RoutingMiddleware.php, line 59
Cake\Http\Runner::__invoke() - CORE/src/Http/Runner.php, line 65
Cake\Routing\Middleware\AssetMiddleware::__invoke() - CORE/src/Routing/Middleware/AssetMiddleware.php, line 88
Cake\Http\Runner::__invoke() - CORE/src/Http/Runner.php, line 65
Cake\Error\Middleware\ErrorHandlerMiddleware::__invoke() - CORE/src/Error/Middleware/ErrorHandlerMiddleware.php, line 93
Cake\Http\Runner::__invoke() - CORE/src/Http/Runner.php, line 65
Cake\Http\Runner::run() - CORE/src/Http/Runner.php, line 51
Cake\Http\Server::run() - CORE/src/Http/Server.php, line 82
[main] - ROOT/webroot/index.php, line 41



